<?xml version="1.0" encoding="UTF-8"?>
<!-- Generated by org.testng.reporters.JUnitXMLReporter -->
<testsuite hostname="DESKTOP-GPGIP39" ignored="0" name="Command line test" tests="2" failures="1" timestamp="26 Jun 2020 14:51:01 GMT" time="35.932" errors="0">
  <testcase name="CorrectAccountPage" time="31.564" classname="EtsyTest.AccountTest"/>
  <testcase name="IncorrectPasswordChange" time="4.201" classname="EtsyTest.AccountTest">
    <failure type="java.io.FileNotFoundException" message="C:\Users\Tejas Shah\Documents\NetBeansProjects\TestFileEtsy\src\main\java\etsy\excel\files\AccountTest.xlsx (The system cannot find the path specified)">
      <![CDATA[java.io.FileNotFoundException: C:\Users\Tejas Shah\Documents\NetBeansProjects\TestFileEtsy\src\main\java\etsy\excel\files\AccountTest.xlsx (The system cannot find the path specified)
at java.io.FileInputStream.open0(Native Method)
at java.io.FileInputStream.open(FileInputStream.java:195)
at java.io.FileInputStream.<init>(FileInputStream.java:138)
at etsy.read.excel.ReadExcelFile.readExcel(ReadExcelFile.java:29)
at EtsyTest.AccountTest.IncorrectPasswordChange(AccountTest.java:85)
... Removed 34 stack frames]]>
    </failure>
  </testcase> <!-- IncorrectPasswordChange -->
</testsuite> <!-- Command line test -->
