<?xml version="1.0" encoding="UTF-8"?>
<!-- Generated by org.testng.reporters.JUnitXMLReporter -->
<testsuite hostname="DESKTOP-2LKK6QT" ignored="0" name="Command line test" tests="1" failures="1" timestamp="19 Jun 2020 06:58:36 GMT" time="18.749" errors="0">
  <testcase name="testLogin" time="18.701" classname="EtsyTest.ExecuteTest">
    <failure type="java.lang.AssertionError" message="Incorrect Page Loaded: https://www.etsy.com/your/account?ref=hdr_user_menu-settings">
      <![CDATA[java.lang.AssertionError: Incorrect Page Loaded: https://www.etsy.com/your/account?ref=hdr_user_menu-settings
at etsy.engine.WebOperation.perform(WebOperation.java:95)
at EtsyTest.ExecuteTest.testLogin(ExecuteTest.java:63)
... Removed 35 stack frames]]>
    </failure>
  </testcase> <!-- testLogin -->
</testsuite> <!-- Command line test -->
