<?xml version="1.0" encoding="UTF-8"?>
<!-- Generated by org.testng.reporters.JUnitXMLReporter -->
<testsuite hostname="DESKTOP-2LKK6QT" ignored="0" name="Command line test" tests="3" failures="0" timestamp="19 Jun 2020 08:27:34 GMT" time="38.605" errors="0">
  <testcase name="DuplicateTest" time="13.281" classname="EtsyTest.RegisterTest"/>
  <testcase name="InvalidEmail" time="14.204" classname="EtsyTest.RegisterTest"/>
  <testcase name="PasswordLength" time="11.062" classname="EtsyTest.RegisterTest"/>
</testsuite> <!-- Command line test -->
