-------------------------------------------------------------------------------
Test set: EtsyTest.LoginTest
-------------------------------------------------------------------------------
Tests run: 4, Failures: 3, Errors: 0, Skipped: 0, Time elapsed: 44.933 sec <<< FAILURE!
BlankInput(EtsyTest.LoginTest)  Time elapsed: 4.882 sec  <<< FAILURE!
java.io.FileNotFoundException: C:\Users\Tejas Shah\Documents\NetBeansProjects\TestFileEtsy\src\main\java\etsy\excel\files\LoginTest.xlsx (The system cannot find the path specified)
	at java.io.FileInputStream.open0(Native Method)
	at java.io.FileInputStream.open(FileInputStream.java:195)
	at java.io.FileInputStream.<init>(FileInputStream.java:138)
	at etsy.read.excel.ReadExcelFile.readExcel(ReadExcelFile.java:29)
	at EtsyTest.LoginTest.BlankInput(LoginTest.java:156)
InvalidEmail(EtsyTest.LoginTest)  Time elapsed: 4.97 sec  <<< FAILURE!
java.io.FileNotFoundException: C:\Users\Tejas Shah\Documents\NetBeansProjects\TestFileEtsy\src\main\java\etsy\excel\files\LoginTest.xlsx (The system cannot find the path specified)
	at java.io.FileInputStream.open0(Native Method)
	at java.io.FileInputStream.open(FileInputStream.java:195)
	at java.io.FileInputStream.<init>(FileInputStream.java:138)
	at etsy.read.excel.ReadExcelFile.readExcel(ReadExcelFile.java:29)
	at EtsyTest.LoginTest.InvalidEmail(LoginTest.java:120)
WrongPassword(EtsyTest.LoginTest)  Time elapsed: 3.361 sec  <<< FAILURE!
java.io.FileNotFoundException: C:\Users\Tejas Shah\Documents\NetBeansProjects\TestFileEtsy\src\main\java\etsy\excel\files\LoginTest.xlsx (The system cannot find the path specified)
	at java.io.FileInputStream.open0(Native Method)
	at java.io.FileInputStream.open(FileInputStream.java:195)
	at java.io.FileInputStream.<init>(FileInputStream.java:138)
	at etsy.read.excel.ReadExcelFile.readExcel(ReadExcelFile.java:29)
	at EtsyTest.LoginTest.WrongPassword(LoginTest.java:83)
