<?xml version="1.0" encoding="UTF-8"?>
<!-- Generated by org.testng.reporters.JUnitXMLReporter -->
<testsuite hostname="DESKTOP-GPGIP39" ignored="0" name="Command line test" tests="4" failures="3" timestamp="26 Jun 2020 15:02:50 GMT" time="42.772" errors="0">
  <testcase name="BlankInput" time="4.863" classname="EtsyTest.LoginTest">
    <failure type="java.io.FileNotFoundException" message="C:\Users\Tejas Shah\Documents\NetBeansProjects\TestFileEtsy\src\main\java\etsy\excel\files\LoginTest.xlsx (The system cannot find the path specified)">
      <![CDATA[java.io.FileNotFoundException: C:\Users\Tejas Shah\Documents\NetBeansProjects\TestFileEtsy\src\main\java\etsy\excel\files\LoginTest.xlsx (The system cannot find the path specified)
at java.io.FileInputStream.open0(Native Method)
at java.io.FileInputStream.open(FileInputStream.java:195)
at java.io.FileInputStream.<init>(FileInputStream.java:138)
at etsy.read.excel.ReadExcelFile.readExcel(ReadExcelFile.java:29)
at EtsyTest.LoginTest.BlankInput(LoginTest.java:156)
... Removed 34 stack frames]]>
    </failure>
  </testcase> <!-- BlankInput -->
  <testcase name="CorrectLogin" time="29.506" classname="EtsyTest.LoginTest"/>
  <testcase name="InvalidEmail" time="4.968" classname="EtsyTest.LoginTest">
    <failure type="java.io.FileNotFoundException" message="C:\Users\Tejas Shah\Documents\NetBeansProjects\TestFileEtsy\src\main\java\etsy\excel\files\LoginTest.xlsx (The system cannot find the path specified)">
      <![CDATA[java.io.FileNotFoundException: C:\Users\Tejas Shah\Documents\NetBeansProjects\TestFileEtsy\src\main\java\etsy\excel\files\LoginTest.xlsx (The system cannot find the path specified)
at java.io.FileInputStream.open0(Native Method)
at java.io.FileInputStream.open(FileInputStream.java:195)
at java.io.FileInputStream.<init>(FileInputStream.java:138)
at etsy.read.excel.ReadExcelFile.readExcel(ReadExcelFile.java:29)
at EtsyTest.LoginTest.InvalidEmail(LoginTest.java:120)
... Removed 34 stack frames]]>
    </failure>
  </testcase> <!-- InvalidEmail -->
  <testcase name="WrongPassword" time="3.36" classname="EtsyTest.LoginTest">
    <failure type="java.io.FileNotFoundException" message="C:\Users\Tejas Shah\Documents\NetBeansProjects\TestFileEtsy\src\main\java\etsy\excel\files\LoginTest.xlsx (The system cannot find the path specified)">
      <![CDATA[java.io.FileNotFoundException: C:\Users\Tejas Shah\Documents\NetBeansProjects\TestFileEtsy\src\main\java\etsy\excel\files\LoginTest.xlsx (The system cannot find the path specified)
at java.io.FileInputStream.open0(Native Method)
at java.io.FileInputStream.open(FileInputStream.java:195)
at java.io.FileInputStream.<init>(FileInputStream.java:138)
at etsy.read.excel.ReadExcelFile.readExcel(ReadExcelFile.java:29)
at EtsyTest.LoginTest.WrongPassword(LoginTest.java:83)
... Removed 34 stack frames]]>
    </failure>
  </testcase> <!-- WrongPassword -->
</testsuite> <!-- Command line test -->
